{
  "RSpec": {
    "coverage": {
      "/home/alexey/pj/task_app/spec/features/user.rb": [
        1,
        null,
        1,
        null,
        6,
        null,
        7,
        null,
        1,
        3,
        null,
        1,
        null,
        1,
        1,
        1,
        null,
        1,
        null,
        null,
        null,
        1,
        1,
        null,
        1,
        null,
        null,
        null,
        null,
        1,
        3,
        null,
        3,
        null,
        1,
        null,
        2,
        null,
        1,
        null,
        null,
        null,
        1,
        null,
        1,
        1,
        1,
        1,
        1,
        null,
        2,
        null,
        1,
        null,
        null,
        null,
        null,
        1,
        1,
        2,
        2,
        null,
        null,
        1,
        1,
        1,
        1,
        1,
        1,
        1,
        1,
        1,
        null,
        null,
        null,
        1,
        1,
        null,
        1,
        null,
        null,
        null,
        null,
        null
      ],
      "/home/alexey/pj/task_app/spec/rails_helper.rb": [
        null,
        1,
        1,
        null,
        1,
        1,
        1,
        1,
        null,
        null,
        null,
        null,
        null,
        null,
        null,
        null,
        null,
        null,
        null,
        null,
        null,
        null,
        null,
        null,
        null,
        null,
        null,
        null,
        1,
        null,
        1,
        null,
        null,
        null,
        1,
        1,
        1,
        null,
        1,
        null,
        null,
        null,
        1,
        null,
        null,
        null,
        null,
        1,
        null,
        null,
        null,
        null,
        null,
        null,
        null,
        null,
        null,
        null,
        null,
        null,
        null,
        null,
        1,
        null,
        null,
        1,
        null,
        null,
        null,
        null
      ],
      "/home/alexey/pj/task_app/config/environment.rb": [
        null,
        1,
        null,
        1,
        null,
        null,
        1
      ],
      "/home/alexey/pj/task_app/config/application.rb": [
        1,
        null,
        1,
        null,
        null,
        null,
        1,
        null,
        1,
        1,
        null,
        null,
        null,
        null,
        null,
        null,
        null,
        null,
        null,
        null,
        null,
        null,
        null,
        1,
        1,
        null,
        null
      ],
      "/home/alexey/pj/task_app/config/boot.rb": [
        1,
        null,
        1
      ],
      "/home/alexey/pj/task_app/config/environments/test.rb": [
        1,
        null,
        null,
        null,
        null,
        null,
        null,
        1,
        null,
        null,
        null,
        null,
        1,
        null,
        null,
        1,
        1,
        null,
        null,
        1,
        1,
        null,
        null,
        1,
        null,
        null,
        1,
        null,
        null,
        null,
        null,
        1,
        null,
        null,
        1,
        null,
        null,
        1,
        null,
        null,
        null,
        null
      ],
      "/home/alexey/pj/task_app/config/initializers/assets.rb": [
        null,
        null,
        null,
        1,
        null,
        null,
        null,
        null,
        null,
        null,
        null
      ],
      "/home/alexey/pj/task_app/config/initializers/backtrace_silencers.rb": [
        null,
        null,
        null,
        null,
        null,
        null,
        null
      ],
      "/home/alexey/pj/task_app/config/initializers/cookies_serializer.rb": [
        null,
        null,
        1
      ],
      "/home/alexey/pj/task_app/config/initializers/devise.rb": [
        null,
        null,
        1,
        null,
        null,
        null,
        null,
        null,
        null,
        null,
        null,
        null,
        null,
        null,
        1,
        null,
        null,
        null,
        null,
        null,
        null,
        null,
        null,
        1,
        null,
        null,
        null,
        null,
        null,
        null,
        null,
        null,
        null,
        null,
        null,
        null,
        null,
        null,
        null,
        null,
        null,
        null,
        null,
        null,
        null,
        1,
        null,
        null,
        null,
        null,
        1,
        null,
        null,
        null,
        null,
        null,
        null,
        null,
        null,
        null,
        null,
        null,
        null,
        null,
        null,
        null,
        null,
        null,
        null,
        null,
        null,
        null,
        null,
        null,
        null,
        null,
        null,
        null,
        null,
        null,
        null,
        1,
        null,
        null,
        null,
        null,
        null,
        null,
        null,
        null,
        null,
        null,
        null,
        null,
        null,
        null,
        null,
        null,
        1,
        null,
        null,
        null,
        null,
        null,
        null,
        null,
        null,
        null,
        null,
        null,
        null,
        null,
        null,
        null,
        null,
        null,
        null,
        null,
        null,
        null,
        null,
        null,
        null,
        1,
        null,
        null,
        null,
        null,
        null,
        null,
        null,
        null,
        null,
        1,
        null,
        null,
        null,
        null,
        null,
        null,
        null,
        null,
        null,
        null,
        1,
        null,
        null,
        null,
        null,
        null,
        null,
        null,
        null,
        null,
        null,
        null,
        null,
        null,
        null,
        null,
        null,
        null,
        null,
        null,
        null,
        null,
        null,
        null,
        null,
        null,
        null,
        null,
        null,
        null,
        null,
        null,
        null,
        null,
        null,
        null,
        null,
        null,
        null,
        null,
        null,
        null,
        null,
        null,
        null,
        null,
        1,
        null,
        null,
        null,
        null,
        null,
        null,
        null,
        null,
        null,
        null,
        null,
        null,
        null,
        null,
        null,
        null,
        null,
        null,
        null,
        null,
        null,
        null,
        null,
        null,
        null,
        null,
        null,
        null,
        null,
        null,
        null,
        null,
        null,
        null,
        null,
        null,
        null,
        null,
        null,
        null,
        null,
        1,
        null,
        null,
        null,
        null,
        null,
        null,
        null,
        null,
        null,
        null,
        null,
        null,
        null,
        null,
        null,
        null,
        null,
        null,
        null,
        null,
        null,
        null,
        null,
        null,
        null,
        null,
        null,
        null,
        null
      ],
      "/home/alexey/pj/task_app/config/initializers/filter_parameter_logging.rb": [
        null,
        null,
        null,
        1
      ],
      "/home/alexey/pj/task_app/config/initializers/inflections.rb": [
        null,
        null,
        null,
        null,
        null,
        null,
        null,
        null,
        null,
        null,
        null,
        null,
        null,
        null,
        null,
        null
      ],
      "/home/alexey/pj/task_app/config/initializers/mime_types.rb": [
        null,
        null,
        null,
        null
      ],
      "/home/alexey/pj/task_app/config/initializers/session_store.rb": [
        null,
        null,
        1
      ],
      "/home/alexey/pj/task_app/config/initializers/wrap_parameters.rb": [
        null,
        null,
        null,
        null,
        null,
        null,
        1,
        1,
        null,
        null,
        null,
        null,
        null,
        null
      ],
      "/home/alexey/pj/task_app/spec/factories/category.rb": [
        1,
        1,
        1,
        null,
        null
      ],
      "/home/alexey/pj/task_app/spec/factories/items.rb": [
        1,
        1,
        1,
        1,
        1,
        null,
        null
      ],
      "/home/alexey/pj/task_app/spec/factories/orders.rb": [
        1,
        1,
        1,
        null,
        1,
        null,
        null,
        null
      ],
      "/home/alexey/pj/task_app/spec/factories/organization.rb": [
        1,
        1,
        7,
        null,
        null
      ],
      "/home/alexey/pj/task_app/spec/factories/users.rb": [
        1,
        1,
        1,
        7,
        1,
        1,
        1,
        1,
        null,
        1,
        1,
        1,
        1,
        1,
        1,
        1,
        null,
        null
      ],
      "/home/alexey/pj/task_app/app/models/user.rb": [
        1,
        null,
        null,
        1,
        null,
        null,
        1,
        null,
        1,
        1,
        null,
        1,
        1,
        null,
        1,
        1,
        null,
        1,
        null,
        1,
        null,
        1,
        7,
        null,
        null
      ],
      "/home/alexey/pj/task_app/app/uploaders/avatar_uploader.rb": [
        null,
        null,
        1,
        null,
        null,
        null,
        null,
        null,
        null,
        1,
        null,
        null,
        null,
        null,
        1,
        0,
        null,
        null,
        1,
        0,
        null,
        null,
        1,
        0,
        null,
        null,
        null,
        null,
        null,
        null,
        null,
        null,
        null,
        null,
        null,
        null,
        null,
        null,
        null,
        null,
        null,
        null,
        null,
        null,
        null,
        null,
        null,
        null,
        null,
        null,
        null,
        null,
        null,
        null,
        null,
        null,
        null,
        null,
        null,
        null,
        null,
        null
      ],
      "/home/alexey/pj/task_app/spec/factories/weekday.rb": [
        1,
        1,
        1,
        1,
        0,
        null,
        null,
        null
      ],
      "/home/alexey/pj/task_app/config/routes.rb": [
        1,
        null,
        1,
        1,
        1,
        1,
        1,
        null,
        null,
        1,
        1,
        1,
        1,
        null,
        1,
        null,
        1,
        1,
        null,
        null,
        null,
        null,
        1,
        1,
        null,
        null,
        null,
        null,
        null,
        null,
        null,
        null,
        null,
        null,
        null,
        null,
        null,
        null,
        null,
        null,
        null,
        null,
        null,
        null,
        null,
        null,
        null,
        null,
        null,
        null,
        null,
        null,
        null,
        null,
        null,
        null,
        null,
        null,
        null,
        null,
        null,
        null,
        null,
        null,
        null,
        null,
        null,
        null,
        null,
        null,
        null,
        null,
        null,
        null,
        null,
        null,
        null,
        null,
        null,
        null,
        null,
        null,
        null,
        null,
        null
      ],
      "/home/alexey/pj/task_app/app/helpers/admin_helper.rb": [
        1,
        null
      ],
      "/home/alexey/pj/task_app/app/helpers/admin/categories_helper.rb": [
        1,
        null
      ],
      "/home/alexey/pj/task_app/app/helpers/admin/items_helper.rb": [
        1,
        null
      ],
      "/home/alexey/pj/task_app/app/helpers/admin/orders_helper.rb": [
        1,
        null
      ],
      "/home/alexey/pj/task_app/app/helpers/admin/organizations_helper.rb": [
        1,
        null
      ],
      "/home/alexey/pj/task_app/app/helpers/admin/users_helper.rb": [
        1,
        null
      ],
      "/home/alexey/pj/task_app/app/helpers/admin/week_menu_helper.rb": [
        1,
        null
      ],
      "/home/alexey/pj/task_app/app/helpers/api/orders_helper.rb": [
        1,
        null
      ],
      "/home/alexey/pj/task_app/app/helpers/application_helper.rb": [
        1,
        null,
        1,
        4,
        null,
        0,
        null,
        0,
        null,
        1,
        null,
        3,
        null,
        0,
        null,
        null,
        null,
        null
      ],
      "/home/alexey/pj/task_app/app/helpers/order_helper.rb": [
        1,
        null
      ],
      "/home/alexey/pj/task_app/app/helpers/static_pages_helper.rb": [
        1,
        null
      ],
      "/home/alexey/pj/task_app/app/models/organization.rb": [
        1,
        1,
        null,
        1,
        null
      ],
      "/home/alexey/pj/task_app/app/controllers/application_controller.rb": [
        1,
        null,
        1,
        null,
        null,
        null,
        1,
        null,
        1,
        null,
        1,
        12,
        null,
        10,
        null,
        null,
        null,
        null
      ],
      "/home/alexey/pj/task_app/app/controllers/static_pages_controller.rb": [
        1,
        1,
        null,
        null,
        1,
        null,
        0,
        null,
        1,
        null,
        null,
        null,
        null,
        null
      ]
    },
    "timestamp": 1451123321
  }
}
